Using pre-set license
Built from '2020.3/release' branch; Version is '2020.3.12f1 (b3b2c6512326) revision 11776710'; Using compiler version '192528614'; Build Type 'Release'
OS: 'Windows 10 Home; OS build 19042.1052; Version 2009; 64bit' Language: 'en' Physical Memory: 12199 MB
BatchMode: 1, IsHumanControllingUs: 0, StartBugReporterOnCrash: 0, Is64bit: 1, IsPro: 0

 COMMAND LINE ARGUMENTS:
C:\Program Files\Unity\Hub\Editor\2020.3.12f1\Editor\Unity.exe
-adb2
-batchMode
-noUpm
-name
AssetImportWorker0
-projectPath
C:/WIUT/8775_game/ShooterProject/ShooterProject
-logFile
Logs/AssetImportWorker0.log
-srvPort
52157
Successfully changed project path to: C:/WIUT/8775_game/ShooterProject/ShooterProject
C:/WIUT/8775_game/ShooterProject/ShooterProject
Using Asset Import Pipeline V2.
Refreshing native plugins compatible for Editor in 63.92 ms, found 2 plugins.
Preloading 0 native plugins for Editor in 0.00 ms.
Initialize engine version: 2020.3.12f1 (b3b2c6512326)
[Subsystems] Discovering subsystems at path C:/Program Files/Unity/Hub/Editor/2020.3.12f1/Editor/Data/Resources/UnitySubsystems
[Subsystems] Discovering subsystems at path C:/WIUT/8775_game/ShooterProject/ShooterProject/Assets
GfxDevice: creating device client; threaded=0
Direct3D:
    Version:  Direct3D 11.0 [level 11.1]
    Renderer: Intel(R) UHD Graphics 620 (ID=0x5917)
    Vendor:   
    VRAM:     6099 MB
    Driver:   27.20.100.9171
Initialize mono
Mono path[0] = 'C:/Program Files/Unity/Hub/Editor/2020.3.12f1/Editor/Data/Managed'
Mono path[1] = 'C:/Program Files/Unity/Hub/Editor/2020.3.12f1/Editor/Data/MonoBleedingEdge/lib/mono/unityjit'
Mono config path = 'C:/Program Files/Unity/Hub/Editor/2020.3.12f1/Editor/Data/MonoBleedingEdge/etc'
Using monoOptions --debugger-agent=transport=dt_socket,embedding=1,server=y,suspend=n,address=127.0.0.1:56588
Begin MonoManager ReloadAssembly
Registering precompiled unity dll's ...
Register platform support module: C:/Program Files/Unity/Hub/Editor/2020.3.12f1/Editor/Data/PlaybackEngines/WindowsStandaloneSupport/UnityEditor.WindowsStandalone.Extensions.dll
Registered in 0.002009 seconds.
Native extension for WindowsStandalone target not found
Refreshing native plugins compatible for Editor in 52.35 ms, found 2 plugins.
Preloading 0 native plugins for Editor in 0.00 ms.
Mono: successfully reloaded assembly
- Completed reload, in  2.444 seconds
Platform modules already initialized, skipping
Registering precompiled user dll's ...
Registered in 0.008034 seconds.
Begin MonoManager ReloadAssembly
Native extension for WindowsStandalone target not found
Refreshing native plugins compatible for Editor in 0.75 ms, found 2 plugins.
Preloading 0 native plugins for Editor in 0.00 ms.
Mono: successfully reloaded assembly
- Completed reload, in  1.235 seconds
Platform modules already initialized, skipping
========================================================================
Worker process is ready to serve import requests
Launched and connected shader compiler UnityShaderCompiler.exe after 0.05 seconds
Refreshing native plugins compatible for Editor in 0.68 ms, found 2 plugins.
Preloading 0 native plugins for Editor in 0.00 ms.
Unloading 2090 Unused Serialized files (Serialized files now loaded: 0)
System memory in use before: 84.9 MB.
System memory in use after: 85.0 MB.

Unloading 62 unused Assets to reduce memory usage. Loaded Objects now: 2490.
Total: 6.184000 ms (FindLiveObjects: 0.216000 ms CreateObjectMapping: 0.079600 ms MarkObjects: 5.793700 ms  DeleteObjects: 0.093200 ms)

AssetImportParameters requested are different than current active one (requested -> active):
  custom:framework-win-MediaFoundation: 216162199b28c13a410421893ffa2e32 -> 
  custom:video-decoder-ogg-theora: a1e56fd34408186e4bbccfd4996cb3dc -> 
  custom:container-muxer-webm: aa71ff27fc2769a1b78a27578f13a17b -> 
  custom:container-demuxer-webm: 4f35f7cbe854078d1ac9338744f61a02 -> 
  custom:container-demuxer-ogg: 62fdf1f143b41e24485cea50d1cbac27 -> 
  custom:video-encoder-webm-vp8: eb34c28f22e8b96e1ab97ce403110664 -> 
  custom:video-decoder-webm-vp8: 9c59270c3fd7afecdb556c50c9e8de78 -> 
  custom:audio-decoder-ogg-vorbis: bf7c407c2cedff20999df2af8eb42d56 -> 
  custom:audio-encoder-webm-vorbis: bf7c407c2cedff20999df2af8eb42d56 -> 
========================================================================
Received Import Request.
  path: Assets/Prefabs/like.png
  artifactKey: Guid(4d1e40e556abf854495cb5d2db2fcdbc) Importer(815301076,1909f56bfc062723c751e8b465ee728b)
Start importing Assets/Prefabs/like.png using Guid(4d1e40e556abf854495cb5d2db2fcdbc) Importer(815301076,1909f56bfc062723c751e8b465ee728b)  -> (artifact id: '7200ac81e6c4a784fd54f20cc65c3303') in 0.237705 seconds 
  Import took 0.241075 seconds .

========================================================================
Received Import Request.
  Time since last request: 0.000331 seconds.
  path: Assets/Prefabs
  artifactKey: Guid(c2f995dd0e9a5114a9b14a082f19652b) Importer(815301076,1909f56bfc062723c751e8b465ee728b)
Start importing Assets/Prefabs using Guid(c2f995dd0e9a5114a9b14a082f19652b) Importer(815301076,1909f56bfc062723c751e8b465ee728b)  -> (artifact id: '25705027bb0b550c69ed80e6540dbc0b') in 0.002895 seconds 
  Import took 0.006851 seconds .

========================================================================
Received Import Request.
  Time since last request: 7.505459 seconds.
  path: Assets/Materials/New Material.mat
  artifactKey: Guid(23735a7c391415a45be54a1724fa0990) Importer(815301076,1909f56bfc062723c751e8b465ee728b)
Start importing Assets/Materials/New Material.mat using Guid(23735a7c391415a45be54a1724fa0990) Importer(815301076,1909f56bfc062723c751e8b465ee728b)  -> (artifact id: 'eb53e6a576705e7734409a752efa9a07') in 0.382926 seconds 
  Import took 0.387632 seconds .

========================================================================
Received Import Request.
  Time since last request: 1.275092 seconds.
  path: Assets/Images/102-1021874_asteroid-clipart-svg-asteroid-icon.png
  artifactKey: Guid(5eded9f4becd7bb44a649366fe48fa27) Importer(815301076,1909f56bfc062723c751e8b465ee728b)
Start importing Assets/Images/102-1021874_asteroid-clipart-svg-asteroid-icon.png using Guid(5eded9f4becd7bb44a649366fe48fa27) Importer(815301076,1909f56bfc062723c751e8b465ee728b)  -> (artifact id: '146b70f225ae4c0f7a4fb4ab91390c55') in 0.026716 seconds 
  Import took 0.030986 seconds .

========================================================================
Received Import Request.
  Time since last request: 0.000362 seconds.
  path: Assets/Images/1383786.png
  artifactKey: Guid(b04f136be6aa76b4885481df24c6dd89) Importer(815301076,1909f56bfc062723c751e8b465ee728b)
Start importing Assets/Images/1383786.png using Guid(b04f136be6aa76b4885481df24c6dd89) Importer(815301076,1909f56bfc062723c751e8b465ee728b)  -> (artifact id: '977bf164dfee9ee338723295b4a63df9') in 0.021792 seconds 
  Import took 0.025773 seconds .

========================================================================
Received Import Request.
  Time since last request: 0.000453 seconds.
  path: Assets/Images/modern-russian-jet-fighter-png-transparent.png
  artifactKey: Guid(9244f80e095324a4885dec02bf711a83) Importer(815301076,1909f56bfc062723c751e8b465ee728b)
Start importing Assets/Images/modern-russian-jet-fighter-png-transparent.png using Guid(9244f80e095324a4885dec02bf711a83) Importer(815301076,1909f56bfc062723c751e8b465ee728b)  -> (artifact id: '1cdd89bd25e902229a4e6300445138f7') in 0.026326 seconds 
  Import took 0.031162 seconds .

========================================================================
Received Import Request.
  Time since last request: 0.000379 seconds.
  path: Assets/Images/warshipModel.png
  artifactKey: Guid(83fe377f459cb3a46a68d8f153a698a3) Importer(815301076,1909f56bfc062723c751e8b465ee728b)
Start importing Assets/Images/warshipModel.png using Guid(83fe377f459cb3a46a68d8f153a698a3) Importer(815301076,1909f56bfc062723c751e8b465ee728b)  -> (artifact id: 'd2cf87b03859feb2a497ca8ca9e352c5') in 0.022610 seconds 
  Import took 0.028517 seconds .

========================================================================
Received Import Request.
  Time since last request: 0.000418 seconds.
  path: Assets/Images/1461915.png
  artifactKey: Guid(c29aece82b3f3b2439d17e82f4f459c1) Importer(815301076,1909f56bfc062723c751e8b465ee728b)
Start importing Assets/Images/1461915.png using Guid(c29aece82b3f3b2439d17e82f4f459c1) Importer(815301076,1909f56bfc062723c751e8b465ee728b)  -> (artifact id: '613e697fc865166b40bc2fe6982e4d87') in 0.024799 seconds 
  Import took 0.029245 seconds .

========================================================================
Received Import Request.
  Time since last request: 0.000333 seconds.
  path: Assets/Images/fireSprite.png
  artifactKey: Guid(cb61b6d2f08233e4dad90cc9dd595e1c) Importer(815301076,1909f56bfc062723c751e8b465ee728b)
Start importing Assets/Images/fireSprite.png using Guid(cb61b6d2f08233e4dad90cc9dd595e1c) Importer(815301076,1909f56bfc062723c751e8b465ee728b)  -> (artifact id: '675d26e0f4480dabb2edb39e99956f75') in 0.028228 seconds 
  Import took 0.032278 seconds .

========================================================================
Received Import Request.
  Time since last request: 0.000338 seconds.
  path: Assets/Images/1461915.png
  artifactKey: Guid(c29aece82b3f3b2439d17e82f4f459c1) Importer(815301076,1909f56bfc062723c751e8b465ee728b)
Start importing Assets/Images/1461915.png using Guid(c29aece82b3f3b2439d17e82f4f459c1) Importer(815301076,1909f56bfc062723c751e8b465ee728b)  -> (artifact id: '613e697fc865166b40bc2fe6982e4d87') in 0.017055 seconds 
  Import took 0.020811 seconds .

========================================================================
Received Import Request.
  Time since last request: 9.605862 seconds.
  path: Assets/Scenes/SampleScene.unity
  artifactKey: Guid(2cda990e2423bbf4892e6590ba056729) Importer(815301076,1909f56bfc062723c751e8b465ee728b)
Start importing Assets/Scenes/SampleScene.unity using Guid(2cda990e2423bbf4892e6590ba056729) Importer(815301076,1909f56bfc062723c751e8b465ee728b)  -> (artifact id: '993ec63b44f625b0527591f031ef05cc') in 0.004506 seconds 
  Import took 0.009781 seconds .

========================================================================
Received Import Request.
  Time since last request: 0.000821 seconds.
  path: Assets/Scenes/SampleScene.unity
  artifactKey: Guid(2cda990e2423bbf4892e6590ba056729) Importer(815301076,1909f56bfc062723c751e8b465ee728b)
Start importing Assets/Scenes/SampleScene.unity using Guid(2cda990e2423bbf4892e6590ba056729) Importer(815301076,1909f56bfc062723c751e8b465ee728b)  -> (artifact id: '993ec63b44f625b0527591f031ef05cc') in 0.003434 seconds 
  Import took 0.008249 seconds .

========================================================================
Received Prepare
Refreshing native plugins compatible for Editor in 14.86 ms, found 2 plugins.
Preloading 0 native plugins for Editor in 0.00 ms.
Unloading 52 Unused Serialized files (Serialized files now loaded: 0)
System memory in use before: 48.1 MB.
System memory in use after: 48.2 MB.

Unloading 51 unused Assets to reduce memory usage. Loaded Objects now: 2538.
Total: 8.495900 ms (FindLiveObjects: 0.229100 ms CreateObjectMapping: 0.082500 ms MarkObjects: 8.126900 ms  DeleteObjects: 0.055400 ms)

AssetImportParameters requested are different than current active one (requested -> active):
  custom:framework-win-MediaFoundation: 216162199b28c13a410421893ffa2e32 -> 
  custom:video-decoder-ogg-theora: a1e56fd34408186e4bbccfd4996cb3dc -> 
  custom:container-muxer-webm: aa71ff27fc2769a1b78a27578f13a17b -> 
  custom:container-demuxer-webm: 4f35f7cbe854078d1ac9338744f61a02 -> 
  custom:container-demuxer-ogg: 62fdf1f143b41e24485cea50d1cbac27 -> 
  custom:video-encoder-webm-vp8: eb34c28f22e8b96e1ab97ce403110664 -> 
  custom:video-decoder-webm-vp8: 9c59270c3fd7afecdb556c50c9e8de78 -> 
  custom:audio-decoder-ogg-vorbis: bf7c407c2cedff20999df2af8eb42d56 -> 
  custom:audio-encoder-webm-vorbis: bf7c407c2cedff20999df2af8eb42d56 -> 
========================================================================
Received Prepare
Registering precompiled user dll's ...
Registered in 0.008293 seconds.
Begin MonoManager ReloadAssembly
Native extension for WindowsStandalone target not found
Refreshing native plugins compatible for Editor in 0.74 ms, found 2 plugins.
Preloading 0 native plugins for Editor in 0.00 ms.
Mono: successfully reloaded assembly
- Completed reload, in  1.288 seconds
Platform modules already initialized, skipping
Switching build target platform(19) subTarget(0) extendedPlatform(0) -> platform(13) subTarget(589824) extendedPlatform(0)
Refreshing native plugins compatible for Editor in 0.71 ms, found 2 plugins.
Preloading 0 native plugins for Editor in 0.00 ms.
Unloading 2088 Unused Serialized files (Serialized files now loaded: 0)
System memory in use before: 88.1 MB.
System memory in use after: 88.2 MB.

Unloading 53 unused Assets to reduce memory usage. Loaded Objects now: 2541.
Total: 6.051600 ms (FindLiveObjects: 0.220100 ms CreateObjectMapping: 0.077800 ms MarkObjects: 5.717900 ms  DeleteObjects: 0.034300 ms)

AssetImportParameters requested are different than current active one (requested -> active):
  custom:framework-win-MediaFoundation: 216162199b28c13a410421893ffa2e32 -> 
  custom:video-decoder-ogg-theora: a1e56fd34408186e4bbccfd4996cb3dc -> 
  custom:container-muxer-webm: aa71ff27fc2769a1b78a27578f13a17b -> 
  custom:container-demuxer-webm: 4f35f7cbe854078d1ac9338744f61a02 -> 
  custom:container-demuxer-ogg: 62fdf1f143b41e24485cea50d1cbac27 -> 
  custom:video-encoder-webm-vp8: eb34c28f22e8b96e1ab97ce403110664 -> 
  custom:video-decoder-webm-vp8: 9c59270c3fd7afecdb556c50c9e8de78 -> 
  custom:graphics/normal-map-encoding: 01000000000000000000000000000000 -> 02000000000000000000000000000000
  custom:audio-decoder-ogg-vorbis: bf7c407c2cedff20999df2af8eb42d56 -> 
  custom:audio-encoder-webm-vorbis: bf7c407c2cedff20999df2af8eb42d56 -> 
========================================================================
Received Import Request.
  Time since last request: 1326.421966 seconds.
  path: Assets/Scripts/Player.cs
  artifactKey: Guid(0963c25629d192e49a9c889fdd33d331) Importer(815301076,1909f56bfc062723c751e8b465ee728b)
Start importing Assets/Scripts/Player.cs using Guid(0963c25629d192e49a9c889fdd33d331) Importer(815301076,1909f56bfc062723c751e8b465ee728b)  -> (artifact id: '0607becc983c4c266cb104588c75cd30') in 0.055422 seconds 
  Import took 0.059484 seconds .

========================================================================
Received Import Request.
  Time since last request: 3.473310 seconds.
  path: Assets/Scripts/Warship2Behaviour.cs
  artifactKey: Guid(0142a204c7dfa5d479f7a4f3d118b69f) Importer(815301076,1909f56bfc062723c751e8b465ee728b)
Start importing Assets/Scripts/Warship2Behaviour.cs using Guid(0142a204c7dfa5d479f7a4f3d118b69f) Importer(815301076,1909f56bfc062723c751e8b465ee728b)  -> (artifact id: '401da83e9e326521ee507850bb0ef6e5') in 0.002380 seconds 
  Import took 0.006341 seconds .

